[0.006s] Invoking command in '/home/sakib/ws_ddmobile/build/mobile_dd_robot': CMAKE_PREFIX_PATH=/opt/ros/humble /usr/bin/cmake /home/sakib/ws_ddmobile/src/mobile_dd_robot -DCMAKE_INSTALL_PREFIX=/home/sakib/ws_ddmobile/install/mobile_dd_robot
[0.185s] -- The C compiler identification is GNU 11.4.0
[0.723s] -- The CXX compiler identification is GNU 11.4.0
[1.115s] -- Detecting C compiler ABI info
[1.246s] -- Detecting C compiler ABI info - done
[1.251s] -- Check for working C compiler: /usr/bin/cc - skipped
[1.251s] -- Detecting C compile features
[1.252s] -- Detecting C compile features - done
[1.255s] -- Detecting CXX compiler ABI info
[1.395s] -- Detecting CXX compiler ABI info - done
[1.399s] -- Check for working CXX compiler: /usr/bin/c++ - skipped
[1.399s] -- Detecting CXX compile features
[1.400s] -- Detecting CXX compile features - done
[1.404s] -- Found ament_cmake: 1.3.9 (/opt/ros/humble/share/ament_cmake/cmake)
[1.499s] -- Found Python3: /usr/bin/python3 (found version "3.10.12") found components: Interpreter 
[1.572s] -- Found ament_lint_auto: 0.12.11 (/opt/ros/humble/share/ament_lint_auto/cmake)
[1.626s] -- Added test 'lint_cmake' to check CMake code style
[1.627s] -- Added test 'xmllint' to check XML markup files
[1.628s] -- Configuring done
[1.629s] -- Generating done
[1.630s] -- Build files have been written to: /home/sakib/ws_ddmobile/build/mobile_dd_robot
[1.632s] Invoked command in '/home/sakib/ws_ddmobile/build/mobile_dd_robot' returned '0': CMAKE_PREFIX_PATH=/opt/ros/humble /usr/bin/cmake /home/sakib/ws_ddmobile/src/mobile_dd_robot -DCMAKE_INSTALL_PREFIX=/home/sakib/ws_ddmobile/install/mobile_dd_robot
[1.633s] Invoking command in '/home/sakib/ws_ddmobile/build/mobile_dd_robot': CMAKE_PREFIX_PATH=/opt/ros/humble /usr/bin/cmake --build /home/sakib/ws_ddmobile/build/mobile_dd_robot -- -j16 -l16
[1.652s] Invoked command in '/home/sakib/ws_ddmobile/build/mobile_dd_robot' returned '0': CMAKE_PREFIX_PATH=/opt/ros/humble /usr/bin/cmake --build /home/sakib/ws_ddmobile/build/mobile_dd_robot -- -j16 -l16
[1.667s] Invoking command in '/home/sakib/ws_ddmobile/build/mobile_dd_robot': CMAKE_PREFIX_PATH=/opt/ros/humble /usr/bin/cmake --install /home/sakib/ws_ddmobile/build/mobile_dd_robot
[1.670s] -- Install configuration: ""
[1.670s] -- Installing: /home/sakib/ws_ddmobile/install/mobile_dd_robot/share/ament_index/resource_index/package_run_dependencies/mobile_dd_robot
[1.670s] -- Installing: /home/sakib/ws_ddmobile/install/mobile_dd_robot/share/ament_index/resource_index/parent_prefix_path/mobile_dd_robot
[1.670s] -- Installing: /home/sakib/ws_ddmobile/install/mobile_dd_robot/share/mobile_dd_robot/environment/ament_prefix_path.sh
[1.670s] -- Installing: /home/sakib/ws_ddmobile/install/mobile_dd_robot/share/mobile_dd_robot/environment/ament_prefix_path.dsv
[1.671s] -- Installing: /home/sakib/ws_ddmobile/install/mobile_dd_robot/share/mobile_dd_robot/environment/path.sh
[1.671s] -- Installing: /home/sakib/ws_ddmobile/install/mobile_dd_robot/share/mobile_dd_robot/environment/path.dsv
[1.671s] -- Installing: /home/sakib/ws_ddmobile/install/mobile_dd_robot/share/mobile_dd_robot/local_setup.bash
[1.671s] -- Installing: /home/sakib/ws_ddmobile/install/mobile_dd_robot/share/mobile_dd_robot/local_setup.sh
[1.671s] -- Installing: /home/sakib/ws_ddmobile/install/mobile_dd_robot/share/mobile_dd_robot/local_setup.zsh
[1.671s] -- Installing: /home/sakib/ws_ddmobile/install/mobile_dd_robot/share/mobile_dd_robot/local_setup.dsv
[1.671s] -- Installing: /home/sakib/ws_ddmobile/install/mobile_dd_robot/share/mobile_dd_robot/package.dsv
[1.671s] -- Installing: /home/sakib/ws_ddmobile/install/mobile_dd_robot/share/ament_index/resource_index/packages/mobile_dd_robot
[1.671s] -- Installing: /home/sakib/ws_ddmobile/install/mobile_dd_robot/share/mobile_dd_robot/cmake/mobile_dd_robotConfig.cmake
[1.671s] -- Installing: /home/sakib/ws_ddmobile/install/mobile_dd_robot/share/mobile_dd_robot/cmake/mobile_dd_robotConfig-version.cmake
[1.671s] -- Installing: /home/sakib/ws_ddmobile/install/mobile_dd_robot/share/mobile_dd_robot/package.xml
[1.672s] Invoked command in '/home/sakib/ws_ddmobile/build/mobile_dd_robot' returned '0': CMAKE_PREFIX_PATH=/opt/ros/humble /usr/bin/cmake --install /home/sakib/ws_ddmobile/build/mobile_dd_robot
