[0.014s] Invoking command in '/home/sakib/ws_ddmobile/build/mobile_dd_robot': CMAKE_PREFIX_PATH=/opt/ros/humble WSLENV=ELECTRON_RUN_AS_NODE/w:WT_SESSION:WT_PROFILE_ID: /usr/bin/cmake --build /home/sakib/ws_ddmobile/build/mobile_dd_robot -- -j16 -l16
[0.037s] -- Found ament_cmake: 1.3.9 (/opt/ros/humble/share/ament_cmake/cmake)
[0.120s] -- Found ament_lint_auto: 0.12.11 (/opt/ros/humble/share/ament_lint_auto/cmake)
[0.164s] -- Added test 'cppcheck' to perform static code analysis on C / C++ code
[0.164s] -- Configured cppcheck include dirs: 
[0.164s] -- Configured cppcheck exclude dirs and/or files: 
[0.164s] -- Added test 'flake8' to check Python code syntax and style conventions
[0.165s] -- Added test 'lint_cmake' to check CMake code style
[0.166s] -- Added test 'pep257' to check Python code against some of the docstring style conventions in PEP 257
[0.168s] -- Added test 'uncrustify' to check C / C++ code style
[0.168s] -- Configured uncrustify additional arguments: 
[0.169s] -- Added test 'xmllint' to check XML markup files
[0.171s] -- Configuring done
[0.176s] -- Generating done
[0.176s] -- Build files have been written to: /home/sakib/ws_ddmobile/build/mobile_dd_robot
[0.188s] Invoked command in '/home/sakib/ws_ddmobile/build/mobile_dd_robot' returned '0': CMAKE_PREFIX_PATH=/opt/ros/humble WSLENV=ELECTRON_RUN_AS_NODE/w:WT_SESSION:WT_PROFILE_ID: /usr/bin/cmake --build /home/sakib/ws_ddmobile/build/mobile_dd_robot -- -j16 -l16
[0.204s] Invoking command in '/home/sakib/ws_ddmobile/build/mobile_dd_robot': CMAKE_PREFIX_PATH=/opt/ros/humble WSLENV=ELECTRON_RUN_AS_NODE/w:WT_SESSION:WT_PROFILE_ID: /usr/bin/cmake --install /home/sakib/ws_ddmobile/build/mobile_dd_robot
[0.207s] -- Install configuration: ""
[0.209s] -- Installing: /home/sakib/ws_ddmobile/install/mobile_dd_robot/share/mobile_dd_robot/launch
[0.209s] -- Installing: /home/sakib/ws_ddmobile/install/mobile_dd_robot/share/mobile_dd_robot/launch/gazebo_model.launch.py
[0.209s] -- Installing: /home/sakib/ws_ddmobile/install/mobile_dd_robot/share/mobile_dd_robot/model
[0.209s] -- Installing: /home/sakib/ws_ddmobile/install/mobile_dd_robot/share/mobile_dd_robot/model/robot.xacro
[0.209s] -- Installing: /home/sakib/ws_ddmobile/install/mobile_dd_robot/share/mobile_dd_robot/model/robot.gazebo
[0.210s] -- Installing: /home/sakib/ws_ddmobile/install/mobile_dd_robot/share/ament_index/resource_index/package_run_dependencies/mobile_dd_robot
[0.211s] -- Up-to-date: /home/sakib/ws_ddmobile/install/mobile_dd_robot/share/ament_index/resource_index/parent_prefix_path/mobile_dd_robot
[0.211s] -- Up-to-date: /home/sakib/ws_ddmobile/install/mobile_dd_robot/share/mobile_dd_robot/environment/ament_prefix_path.sh
[0.211s] -- Installing: /home/sakib/ws_ddmobile/install/mobile_dd_robot/share/mobile_dd_robot/environment/ament_prefix_path.dsv
[0.211s] -- Up-to-date: /home/sakib/ws_ddmobile/install/mobile_dd_robot/share/mobile_dd_robot/environment/path.sh
[0.211s] -- Installing: /home/sakib/ws_ddmobile/install/mobile_dd_robot/share/mobile_dd_robot/environment/path.dsv
[0.211s] -- Up-to-date: /home/sakib/ws_ddmobile/install/mobile_dd_robot/share/mobile_dd_robot/local_setup.bash
[0.212s] -- Up-to-date: /home/sakib/ws_ddmobile/install/mobile_dd_robot/share/mobile_dd_robot/local_setup.sh
[0.212s] -- Up-to-date: /home/sakib/ws_ddmobile/install/mobile_dd_robot/share/mobile_dd_robot/local_setup.zsh
[0.212s] -- Installing: /home/sakib/ws_ddmobile/install/mobile_dd_robot/share/mobile_dd_robot/local_setup.dsv
[0.212s] -- Installing: /home/sakib/ws_ddmobile/install/mobile_dd_robot/share/mobile_dd_robot/package.dsv
[0.212s] -- Up-to-date: /home/sakib/ws_ddmobile/install/mobile_dd_robot/share/ament_index/resource_index/packages/mobile_dd_robot
[0.212s] -- Up-to-date: /home/sakib/ws_ddmobile/install/mobile_dd_robot/share/mobile_dd_robot/cmake/mobile_dd_robotConfig.cmake
[0.212s] -- Up-to-date: /home/sakib/ws_ddmobile/install/mobile_dd_robot/share/mobile_dd_robot/cmake/mobile_dd_robotConfig-version.cmake
[0.213s] -- Installing: /home/sakib/ws_ddmobile/install/mobile_dd_robot/share/mobile_dd_robot/package.xml
[0.214s] Invoked command in '/home/sakib/ws_ddmobile/build/mobile_dd_robot' returned '0': CMAKE_PREFIX_PATH=/opt/ros/humble WSLENV=ELECTRON_RUN_AS_NODE/w:WT_SESSION:WT_PROFILE_ID: /usr/bin/cmake --install /home/sakib/ws_ddmobile/build/mobile_dd_robot
